<?xml version="1.0" encoding="UTF-8"?>
<!-- Generated by org.testng.reporters.JUnitXMLReporter -->
<testsuite ignored="0" hostname="DESKTOP-1ULGF16" failures="4" tests="4" name="Test" time="54.747" errors="0" timestamp="2023-03-13T20:35:29 PDT">
  <testcase classname="LeftMenu.LeftMenuAuto.LeftMenuCompleteAutomation1" name="login" time="1.194">
    <failure type="java.lang.IllegalArgumentException" message="Keys to send should be a not null CharSequence">
      <![CDATA[java.lang.IllegalArgumentException: Keys to send should be a not null CharSequence
at org.openqa.selenium.remote.RemoteWebElement.sendKeys(RemoteWebElement.java:98)
at io.appium.java_client.pagefactory.ElementInterceptor.getObject(ElementInterceptor.java:40)
at io.appium.java_client.pagefactory.interceptors.InterceptorOfASingleElement.intercept(InterceptorOfASingleElement.java:60)
at org.openqa.selenium.remote.RemoteWebElement$$EnhancerByCGLIB$$d27c0df4.sendKeys(<generated>)
at LeftMenu.LeftMenuAuto.LoginPageTC.EnterMobileNumber(LoginPageTC.java:42)
at LeftMenu.LeftMenuAuto.LeftMenuCompleteAutomation1.login(LeftMenuCompleteAutomation1.java:33)
at java.base/java.util.ArrayList.forEach(ArrayList.java:1511)
... Removed 31 stack frames]]>
    </failure>
  </testcase> <!-- login -->
  <testcase classname="LeftMenu.LeftMenuAuto.LeftMenuCompleteAutomation1" name="selfieScreen" time="20.89">
    <failure type="org.openqa.selenium.NoSuchElementException" message="Can&amp;apos;t locate an element by this strategy: By.chained({AppiumBy.id: com.north.ambassador:id/activity_ambassador_check_in_shower_sw})">
      <![CDATA[org.openqa.selenium.NoSuchElementException: Can't locate an element by this strategy: By.chained({AppiumBy.id: com.north.ambassador:id/activity_ambassador_check_in_shower_sw})
at io.appium.java_client.pagefactory.AppiumElementLocator.findElement(AppiumElementLocator.java:126)
at io.appium.java_client.pagefactory.interceptors.InterceptorOfASingleElement.intercept(InterceptorOfASingleElement.java:59)
at org.openqa.selenium.remote.RemoteWebElement$$EnhancerByCGLIB$$d27c0df4.click(<generated>)
at LeftMenu.LeftMenuAuto.TakeSelfieTC.Shower(TakeSelfieTC.java:58)
at LeftMenu.LeftMenuAuto.LeftMenuCompleteAutomation1.selfieScreen(LeftMenuCompleteAutomation1.java:44)
at java.base/java.util.ArrayList.forEach(ArrayList.java:1511)
Caused by: org.openqa.selenium.TimeoutException: Expected condition failed: waiting for io.appium.java_client.pagefactory.AppiumElementLocator$WaitingFunction@1dba4e06 (tried for 1 second(s) with 500 milliseconds interval)
at org.openqa.selenium.support.ui.FluentWait.timeoutException(FluentWait.java:263)
at org.openqa.selenium.support.ui.FluentWait.until(FluentWait.java:231)
at io.appium.java_client.pagefactory.AppiumElementLocator.waitFor(AppiumElementLocator.java:99)
at io.appium.java_client.pagefactory.AppiumElementLocator.findElement(AppiumElementLocator.java:119)
... 32 more
Caused by: org.openqa.selenium.NoSuchElementException: Cannot locate an element using By.chained({AppiumBy.id: com.north.ambassador:id/activity_ambassador_check_in_shower_sw})
For documentation on this error, please visit: https://selenium.dev/exceptions/#no_such_element
Build info: version: '4.5.0', revision: 'fe167b119a'
System info: os.name: 'Windows 11', os.arch: 'amd64', os.version: '10.0', java.version: '17.0.3'
Driver info: driver.version: RemoteWebDriver
at io.appium.java_client.pagefactory.bys.builder.ByChained.findElement(ByChained.java:77)
at org.openqa.selenium.remote.ElementLocation$ElementFinder$1.findElement(ElementLocation.java:136)
at org.openqa.selenium.remote.ElementLocation.findElement(ElementLocation.java:60)
at org.openqa.selenium.remote.RemoteWebDriver.findElement(RemoteWebDriver.java:365)
at org.openqa.selenium.remote.RemoteWebDriver.findElement(RemoteWebDriver.java:357)
at io.appium.java_client.pagefactory.bys.ContentMappedBy.findElement(ContentMappedBy.java:50)
at org.openqa.selenium.remote.ElementLocation$ElementFinder$1.findElement(ElementLocation.java:136)
at org.openqa.selenium.remote.ElementLocation.findElement(ElementLocation.java:60)
at org.openqa.selenium.remote.RemoteWebDriver.findElement(RemoteWebDriver.java:365)
at org.openqa.selenium.remote.RemoteWebDriver.findElement(RemoteWebDriver.java:357)
at io.appium.java_client.pagefactory.AppiumElementLocator.lambda$findElement$0(AppiumElementLocator.java:120)
at io.appium.java_client.pagefactory.AppiumElementLocator$WaitingFunction.apply(AppiumElementLocator.java:172)
at io.appium.java_client.pagefactory.AppiumElementLocator$WaitingFunction.apply(AppiumElementLocator.java:165)
at org.openqa.selenium.support.ui.FluentWait.until(FluentWait.java:208)
... 34 more
... Removed 27 stack frames]]>
    </failure>
  </testcase> <!-- selfieScreen -->
  <testcase classname="LeftMenu.LeftMenuAuto.LeftMenuCompleteAutomation1" name="leftmenu" time="11.497">
    <failure type="org.openqa.selenium.WebDriverException" message="org.openqa.selenium.WebDriverException: An unknown server-side error occurred while processing the command. Original error: Could not proxy command to the remote server. Original error: socket hang up
Build info: version: &amp;apos;4.5.0&amp;apos;, revision: &amp;apos;fe167b119a&amp;apos;
System info: os.name: &amp;apos;Windows 11&amp;apos;, os.arch: &amp;apos;amd64&amp;apos;, os.version: &amp;apos;10.0&amp;apos;, java.version: &amp;apos;17.0.3&amp;apos;
Driver info: io.appium.java_client.android.AndroidDriver
Command: [c9ad60ee-9158-444d-b61f-f90bf4452b28, findElement {using=accessibility id, value=Close navigation drawer}]
Capabilities {appium:app: D://LeftMenuAuto//src//test..., appium:appPackage: com.north.ambassador, appium:appWaitActivity: com.north.ambassador.activi..., appium:autoAcceptAlerts: true, appium:autoGrantPermissions: true, appium:databaseEnabled: false, appium:desired: {app: D://LeftMenuAuto//src//test..., appWaitActivity: com.north.ambassador.activi..., autoAcceptAlerts: true, autoGrantPermissions: true, deviceName: vivo1818, platformName: android, printPageSourceOnFindFailure: true}, appium:deviceApiLevel: 30, appium:deviceManufacturer: vivo, appium:deviceModel: vivo 1818, appium:deviceName: 8abcca43, appium:deviceScreenDensity: 480, appium:deviceScreenSize: 1080x2340, appium:deviceUDID: 8abcca43, appium:javascriptEnabled: true, appium:locationContextEnabled: false, appium:networkConnectionEnabled: true, appium:pixelRatio: 3, appium:platformVersion: 11, appium:printPageSourceOnFindFailure: true, appium:statBarHeight: 84, appium:takesScreenshot: true, appium:viewportRect: {height: 2130, left: 0, top: 84, width: 1080}, appium:warnings: {}, appium:webStorageEnabled: false, platformName: ANDROID}
Session ID: c9ad60ee-9158-444d-b61f-f90bf4452b28">
      <![CDATA[org.openqa.selenium.WebDriverException: org.openqa.selenium.WebDriverException: An unknown server-side error occurred while processing the command. Original error: Could not proxy command to the remote server. Original error: socket hang up
Build info: version: '4.5.0', revision: 'fe167b119a'
System info: os.name: 'Windows 11', os.arch: 'amd64', os.version: '10.0', java.version: '17.0.3'
Driver info: io.appium.java_client.android.AndroidDriver
Command: [c9ad60ee-9158-444d-b61f-f90bf4452b28, findElement {using=accessibility id, value=Close navigation drawer}]
Capabilities {appium:app: D://LeftMenuAuto//src//test..., appium:appPackage: com.north.ambassador, appium:appWaitActivity: com.north.ambassador.activi..., appium:autoAcceptAlerts: true, appium:autoGrantPermissions: true, appium:databaseEnabled: false, appium:desired: {app: D://LeftMenuAuto//src//test..., appWaitActivity: com.north.ambassador.activi..., autoAcceptAlerts: true, autoGrantPermissions: true, deviceName: vivo1818, platformName: android, printPageSourceOnFindFailure: true}, appium:deviceApiLevel: 30, appium:deviceManufacturer: vivo, appium:deviceModel: vivo 1818, appium:deviceName: 8abcca43, appium:deviceScreenDensity: 480, appium:deviceScreenSize: 1080x2340, appium:deviceUDID: 8abcca43, appium:javascriptEnabled: true, appium:locationContextEnabled: false, appium:networkConnectionEnabled: true, appium:pixelRatio: 3, appium:platformVersion: 11, appium:printPageSourceOnFindFailure: true, appium:statBarHeight: 84, appium:takesScreenshot: true, appium:viewportRect: {height: 2130, left: 0, top: 84, width: 1080}, appium:warnings: {}, appium:webStorageEnabled: false, platformName: ANDROID}
Session ID: c9ad60ee-9158-444d-b61f-f90bf4452b28
at io.appium.java_client.pagefactory.AppiumElementLocator$WaitingFunction.apply(AppiumElementLocator.java:192)
at io.appium.java_client.pagefactory.AppiumElementLocator$WaitingFunction.apply(AppiumElementLocator.java:165)
at org.openqa.selenium.support.ui.FluentWait.until(FluentWait.java:208)
at io.appium.java_client.pagefactory.AppiumElementLocator.waitFor(AppiumElementLocator.java:99)
at io.appium.java_client.pagefactory.AppiumElementLocator.findElement(AppiumElementLocator.java:119)
at io.appium.java_client.pagefactory.interceptors.InterceptorOfASingleElement.intercept(InterceptorOfASingleElement.java:59)
at org.openqa.selenium.remote.RemoteWebElement$$EnhancerByCGLIB$$d27c0df4.isDisplayed(<generated>)
at LeftMenu.LeftMenuAuto.LeftMenuTC.hamburgerMenu(LeftMenuTC.java:403)
at LeftMenu.LeftMenuAuto.LeftMenuCompleteAutomation1.leftmenu(LeftMenuCompleteAutomation1.java:65)
at java.base/java.util.ArrayList.forEach(ArrayList.java:1511)
Caused by: org.openqa.selenium.WebDriverException: An unknown server-side error occurred while processing the command. Original error: Could not proxy command to the remote server. Original error: socket hang up
Build info: version: '4.5.0', revision: 'fe167b119a'
System info: os.name: 'Windows 11', os.arch: 'amd64', os.version: '10.0', java.version: '17.0.3'
Driver info: io.appium.java_client.android.AndroidDriver
Command: [c9ad60ee-9158-444d-b61f-f90bf4452b28, findElement {using=accessibility id, value=Close navigation drawer}]
Capabilities {appium:app: D://LeftMenuAuto//src//test..., appium:appPackage: com.north.ambassador, appium:appWaitActivity: com.north.ambassador.activi..., appium:autoAcceptAlerts: true, appium:autoGrantPermissions: true, appium:databaseEnabled: false, appium:desired: {app: D://LeftMenuAuto//src//test..., appWaitActivity: com.north.ambassador.activi..., autoAcceptAlerts: true, autoGrantPermissions: true, deviceName: vivo1818, platformName: android, printPageSourceOnFindFailure: true}, appium:deviceApiLevel: 30, appium:deviceManufacturer: vivo, appium:deviceModel: vivo 1818, appium:deviceName: 8abcca43, appium:deviceScreenDensity: 480, appium:deviceScreenSize: 1080x2340, appium:deviceUDID: 8abcca43, appium:javascriptEnabled: true, appium:locationContextEnabled: false, appium:networkConnectionEnabled: true, appium:pixelRatio: 3, appium:platformVersion: 11, appium:printPageSourceOnFindFailure: true, appium:statBarHeight: 84, appium:takesScreenshot: true, appium:viewportRect: {height: 2130, left: 0, top: 84, width: 1080}, appium:warnings: {}, appium:webStorageEnabled: false, platformName: ANDROID}
Session ID: c9ad60ee-9158-444d-b61f-f90bf4452b28
at org.openqa.selenium.remote.codec.w3c.W3CHttpResponseCodec.createException(W3CHttpResponseCodec.java:200)
at org.openqa.selenium.remote.codec.w3c.W3CHttpResponseCodec.decode(W3CHttpResponseCodec.java:133)
at org.openqa.selenium.remote.codec.w3c.W3CHttpResponseCodec.decode(W3CHttpResponseCodec.java:53)
at org.openqa.selenium.remote.HttpCommandExecutor.execute(HttpCommandExecutor.java:184)
at io.appium.java_client.remote.AppiumCommandExecutor.execute(AppiumCommandExecutor.java:180)
at org.openqa.selenium.remote.RemoteWebDriver.execute(RemoteWebDriver.java:547)
at org.openqa.selenium.remote.ElementLocation$ElementFinder$2.findElement(ElementLocation.java:162)
at org.openqa.selenium.remote.ElementLocation.findElement(ElementLocation.java:66)
at org.openqa.selenium.remote.RemoteWebDriver.findElement(RemoteWebDriver.java:365)
at org.openqa.selenium.remote.RemoteWebDriver.findElement(RemoteWebDriver.java:357)
at io.appium.java_client.pagefactory.bys.builder.ByChained.lambda$getSearchingFunction$0(ByChained.java:41)
at org.openqa.selenium.support.ui.FluentWait.until(FluentWait.java:208)
at io.appium.java_client.pagefactory.bys.builder.ByChained.findElement(ByChained.java:75)
at org.openqa.selenium.remote.ElementLocation$ElementFinder$1.findElement(ElementLocation.java:136)
at org.openqa.selenium.remote.ElementLocation.findElement(ElementLocation.java:60)
at org.openqa.selenium.remote.RemoteWebDriver.findElement(RemoteWebDriver.java:365)
at org.openqa.selenium.remote.RemoteWebDriver.findElement(RemoteWebDriver.java:357)
at io.appium.java_client.pagefactory.bys.ContentMappedBy.findElement(ContentMappedBy.java:50)
at org.openqa.selenium.remote.ElementLocation$ElementFinder$1.findElement(ElementLocation.java:136)
at org.openqa.selenium.remote.ElementLocation.findElement(ElementLocation.java:60)
at org.openqa.selenium.remote.RemoteWebDriver.findElement(RemoteWebDriver.java:365)
at org.openqa.selenium.remote.RemoteWebDriver.findElement(RemoteWebDriver.java:357)
at io.appium.java_client.pagefactory.AppiumElementLocator.lambda$findElement$0(AppiumElementLocator.java:120)
at io.appium.java_client.pagefactory.AppiumElementLocator$WaitingFunction.apply(AppiumElementLocator.java:172)
... 36 more
... Removed 32 stack frames]]>
    </failure>
  </testcase> <!-- leftmenu -->
  <testcase classname="LeftMenu.LeftMenuAuto.LeftMenuCompleteAutomation1" name="leftmenu" time="11.536">
    <failure type="org.openqa.selenium.WebDriverException" message="An unknown server-side error occurred while processing the command. Original error: &amp;apos;GET /screenshot&amp;apos; cannot be proxied to UiAutomator2 server because the instrumentation process is not running (probably crashed). Check the server log and/or the logcat output for more details
Build info: version: &amp;apos;4.5.0&amp;apos;, revision: &amp;apos;fe167b119a&amp;apos;
System info: os.name: &amp;apos;Windows 11&amp;apos;, os.arch: &amp;apos;amd64&amp;apos;, os.version: &amp;apos;10.0&amp;apos;, java.version: &amp;apos;17.0.3&amp;apos;
Driver info: io.appium.java_client.android.AndroidDriver
Command: [c9ad60ee-9158-444d-b61f-f90bf4452b28, screenshot {}]
Capabilities {appium:app: D://LeftMenuAuto//src//test..., appium:appPackage: com.north.ambassador, appium:appWaitActivity: com.north.ambassador.activi..., appium:autoAcceptAlerts: true, appium:autoGrantPermissions: true, appium:databaseEnabled: false, appium:desired: {app: D://LeftMenuAuto//src//test..., appWaitActivity: com.north.ambassador.activi..., autoAcceptAlerts: true, autoGrantPermissions: true, deviceName: vivo1818, platformName: android, printPageSourceOnFindFailure: true}, appium:deviceApiLevel: 30, appium:deviceManufacturer: vivo, appium:deviceModel: vivo 1818, appium:deviceName: 8abcca43, appium:deviceScreenDensity: 480, appium:deviceScreenSize: 1080x2340, appium:deviceUDID: 8abcca43, appium:javascriptEnabled: true, appium:locationContextEnabled: false, appium:networkConnectionEnabled: true, appium:pixelRatio: 3, appium:platformVersion: 11, appium:printPageSourceOnFindFailure: true, appium:statBarHeight: 84, appium:takesScreenshot: true, appium:viewportRect: {height: 2130, left: 0, top: 84, width: 1080}, appium:warnings: {}, appium:webStorageEnabled: false, platformName: ANDROID}
Session ID: c9ad60ee-9158-444d-b61f-f90bf4452b28">
      <![CDATA[org.openqa.selenium.WebDriverException: An unknown server-side error occurred while processing the command. Original error: 'GET /screenshot' cannot be proxied to UiAutomator2 server because the instrumentation process is not running (probably crashed). Check the server log and/or the logcat output for more details
Build info: version: '4.5.0', revision: 'fe167b119a'
System info: os.name: 'Windows 11', os.arch: 'amd64', os.version: '10.0', java.version: '17.0.3'
Driver info: io.appium.java_client.android.AndroidDriver
Command: [c9ad60ee-9158-444d-b61f-f90bf4452b28, screenshot {}]
Capabilities {appium:app: D://LeftMenuAuto//src//test..., appium:appPackage: com.north.ambassador, appium:appWaitActivity: com.north.ambassador.activi..., appium:autoAcceptAlerts: true, appium:autoGrantPermissions: true, appium:databaseEnabled: false, appium:desired: {app: D://LeftMenuAuto//src//test..., appWaitActivity: com.north.ambassador.activi..., autoAcceptAlerts: true, autoGrantPermissions: true, deviceName: vivo1818, platformName: android, printPageSourceOnFindFailure: true}, appium:deviceApiLevel: 30, appium:deviceManufacturer: vivo, appium:deviceModel: vivo 1818, appium:deviceName: 8abcca43, appium:deviceScreenDensity: 480, appium:deviceScreenSize: 1080x2340, appium:deviceUDID: 8abcca43, appium:javascriptEnabled: true, appium:locationContextEnabled: false, appium:networkConnectionEnabled: true, appium:pixelRatio: 3, appium:platformVersion: 11, appium:printPageSourceOnFindFailure: true, appium:statBarHeight: 84, appium:takesScreenshot: true, appium:viewportRect: {height: 2130, left: 0, top: 84, width: 1080}, appium:warnings: {}, appium:webStorageEnabled: false, platformName: ANDROID}
Session ID: c9ad60ee-9158-444d-b61f-f90bf4452b28
at org.openqa.selenium.remote.codec.w3c.W3CHttpResponseCodec.createException(W3CHttpResponseCodec.java:200)
at org.openqa.selenium.remote.codec.w3c.W3CHttpResponseCodec.decode(W3CHttpResponseCodec.java:133)
at org.openqa.selenium.remote.codec.w3c.W3CHttpResponseCodec.decode(W3CHttpResponseCodec.java:53)
at org.openqa.selenium.remote.HttpCommandExecutor.execute(HttpCommandExecutor.java:184)
at io.appium.java_client.remote.AppiumCommandExecutor.execute(AppiumCommandExecutor.java:180)
at org.openqa.selenium.remote.RemoteWebDriver.execute(RemoteWebDriver.java:547)
at org.openqa.selenium.remote.RemoteWebDriver.execute(RemoteWebDriver.java:602)
at io.appium.java_client.AppiumDriver.execute(AppiumDriver.java:267)
at org.openqa.selenium.remote.RemoteWebDriver.getScreenshotAs(RemoteWebDriver.java:331)
at LeftMenu.LeftMenuAuto.AppiumUtils.getScreenshot(AppiumUtils.java:19)
at LeftMenu.LeftMenuAuto.Listeners.onTestFailure(Listeners.java:43)
at java.base/java.util.ArrayList.forEach(ArrayList.java:1511)
... Removed 29 stack frames]]>
    </failure>
  </testcase> <!-- leftmenu -->
</testsuite> <!-- Test -->
